<?xml version="1.0" encoding="UTF-8"?>
<!-- Generated by org.testng.reporters.JUnitReportReporter -->
<testsuite hostname="WeattachTechnologies" failures="0" tests="1" name="scripts.Test_Login_Page" time="32.590" errors="0" timestamp="2021-02-20T11:45:44 IST" skipped="0">
  <testcase classname="scripts.Test_Login_Page" name="login" time="32.590"/>
  <system-out/>
</testsuite> <!-- scripts.Test_Login_Page -->
