<?xml version="1.0" encoding="UTF-8"?>
<!-- Generated by org.testng.reporters.JUnitReportReporter -->
<testsuite hostname="WeattachTechnologies" failures="0" tests="4" name="Testing.TC1" time="0.011" errors="0" timestamp="2021-02-13T22:51:45 IST" skipped="0">
  <testcase classname="Testing.TC1" name="test2" time="0.007"/>
  <system-out>
1  </system-out>
  <testcase classname="Testing.TC1" name="test2" time="0.001"/>
  <system-out>
1  </system-out>
  <testcase classname="Testing.TC1" name="test2" time="0.001"/>
  <system-out>
1  </system-out>
  <testcase classname="Testing.TC1" name="test1" time="0.002"/>
  <system-out>
2  </system-out>
</testsuite> <!-- Testing.TC1 -->
